<?xml version="1.0" encoding="UTF-8"?>
<testng-results skipped="0" failed="0" ignored="0" total="1" passed="1">
  <reporter-output>
  </reporter-output>
  <suite name="Suite" duration-ms="32" started-at="2018-03-28T12:16:08Z" finished-at="2018-03-28T12:16:08Z">
    <groups>
    </groups>
    <test name="Test" duration-ms="32" started-at="2018-03-28T12:16:08Z" finished-at="2018-03-28T12:16:08Z">
      <class name="com.qa.tests.git">
        <test-method status="PASS" signature="Demo1()[pri:0, instance:com.qa.tests.git@77caeb3e]" name="Demo1" duration-ms="7" started-at="2018-03-28T12:16:08Z" finished-at="2018-03-28T12:16:08Z">
          <reporter-output>
          </reporter-output>
        </test-method> <!-- Demo1 -->
      </class> <!-- com.qa.tests.git -->
    </test> <!-- Test -->
  </suite> <!-- Suite -->
</testng-results>
